<?xml version="1.0" encoding="UTF-8"?>
<!-- Generated by org.testng.reporters.JUnitReportReporter -->
<testsuite hostname="LAPTOP-KRS46SN9" failures="0" tests="8" name="com.testng_project.Runner_testng" time="9.824" errors="0" timestamp="2021-11-29T20:46:13 IST" skipped="0">
  <testcase classname="com.testng_project.Runner_testng" name="Credentials" time="0.748"/>
  <system-out/>
  <testcase classname="com.testng_project.Runner_testng" name="Search_hotel" time="0.999"/>
  <system-out/>
  <testcase classname="com.testng_project.Runner_testng" name="book_hotel" time="1.000"/>
  <system-out/>
  <testcase classname="com.testng_project.Runner_testng" name="booking_Confirm" time="6.034"/>
  <system-out/>
  <testcase classname="com.testng_project.Runner_testng" name="takepic" time="0.230"/>
  <system-out/>
  <testcase classname="com.testng_project.Runner_testng" name="takepic" time="0.278"/>
  <system-out/>
  <testcase classname="com.testng_project.Runner_testng" name="takepic" time="0.268"/>
  <system-out/>
  <testcase classname="com.testng_project.Runner_testng" name="logout" time="0.267"/>
  <system-out/>
</testsuite> <!-- com.testng_project.Runner_testng -->
